#
# There is insufficient memory for the Java Runtime Environment to continue.
# Native memory allocation (malloc) failed to allocate 32744 bytes for ChunkPool::allocate
# Possible reasons:
#   The system is out of physical RAM or swap space
#   In 32 bit mode, the process size limit was hit
# Possible solutions:
#   Reduce memory load on the system
#   Increase physical memory or swap space
#   Check if swap backing store is full
#   Use 64 bit Java on a 64 bit OS
#   Decrease Java heap size (-Xmx/-Xms)
#   Decrease number of Java threads
#   Decrease Java thread stack sizes (-Xss)
#   Set larger code cache with -XX:ReservedCodeCacheSize=
# This output file may be truncated or incomplete.
#
#  Out of Memory Error (allocation.cpp:273), pid=24880, tid=0x000000000000297c
#
# JRE version: Java(TM) SE Runtime Environment (8.0_172-b11) (build 1.8.0_172-b11)
# Java VM: Java HotSpot(TM) 64-Bit Server VM (25.172-b11 mixed mode windows-amd64 compressed oops)
# Failed to write core dump. Minidumps are not enabled by default on client versions of Windows
#

---------------  T H R E A D  ---------------

Current thread (0x00000000198e0000):  JavaThread "C2 CompilerThread0" daemon [_thread_in_native, id=10620, stack(0x000000001af40000,0x000000001b040000)]

Stack: [0x000000001af40000,0x000000001b040000]
[error occurred during error reporting (printing stack bounds), id 0xc0000005]

Native frames: (J=compiled Java code, j=interpreted, Vv=VM code, C=native code)


Current CompileTask:
C2:   7383 1653   !   4       java.net.URLClassLoader$1::run (63 bytes)


---------------  P R O C E S S  ---------------

Java Threads: ( => current thread )
  0x000000001b049800 JavaThread "Service Thread" daemon [_thread_blocked, id=2600, stack(0x000000001b640000,0x000000001b740000)]
  0x000000001b043000 JavaThread "C1 CompilerThread2" daemon [_thread_in_vm, id=12284, stack(0x000000001b540000,0x000000001b640000)]
  0x000000001b040800 JavaThread "C2 CompilerThread1" daemon [_thread_in_native, id=14088, stack(0x000000001b440000,0x000000001b540000)]
=>0x00000000198e0000 JavaThread "C2 CompilerThread0" daemon [_thread_in_native, id=10620, stack(0x000000001af40000,0x000000001b040000)]
  0x00000000198de800 JavaThread "Attach Listener" daemon [_thread_blocked, id=10704, stack(0x000000001ae40000,0x000000001af40000)]
  0x00000000198dc800 JavaThread "Signal Dispatcher" daemon [_thread_blocked, id=15440, stack(0x000000001ad40000,0x000000001ae40000)]
  0x00000000198ca000 JavaThread "Finalizer" daemon [_thread_blocked, id=11288, stack(0x000000001ab40000,0x000000001ac40000)]
  0x00000000198a8800 JavaThread "Reference Handler" daemon [_thread_blocked, id=24460, stack(0x000000001aa40000,0x000000001ab40000)]
  0x000000000285e000 JavaThread "main" [_thread_in_native, id=23848, stack(0x0000000002490000,0x0000000002590000)]

Other Threads:
  0x00000000198a7800 VMThread [stack: 0x000000001a940000,0x000000001aa40000] [id=19336]
  0x000000001b04a800 WatcherThread [stack: 0x000000001b740000,0x000000001b840000] [id=19608]

VM state:not at safepoint (normal execution)

VM Mutex/Monitor currently owned by a thread: None

Heap:
 PSYoungGen      total 57344K, used 13424K [0x0000000780980000, 0x0000000784980000, 0x00000007c0000000)
  eden space 49152K, 10% used [0x0000000780980000,0x0000000780ea0778,0x0000000783980000)
  from space 8192K, 99% used [0x0000000784180000,0x000000078497b9a0,0x0000000784980000)
  to   space 8192K, 0% used [0x0000000783980000,0x0000000783980000,0x0000000784180000)
 ParOldGen       total 131072K, used 1156K [0x0000000701c00000, 0x0000000709c00000, 0x0000000780980000)
  object space 131072K, 0% used [0x0000000701c00000,0x0000000701d21078,0x0000000709c00000)
 Metaspace       used 15476K, capacity 15758K, committed 16128K, reserved 1062912K
  class space    used 1877K, capacity 1975K, committed 2048K, reserved 1048576K

Card table byte_map: [0x0000000011c20000,0x0000000012220000] byte_map_base: 0x000000000e412000

Marking Bits: (ParMarkBitMap*) 0x000000005a0c3c10
 Begin Bits: [0x0000000012a20000, 0x00000000159b0000)
 End Bits:   [0x00000000159b0000, 0x0000000018940000)

Polling page: 0x0000000000c50000

CodeCache: size=245760Kb used=6900Kb max_used=6900Kb free=238859Kb
 bounds [0x0000000002860000, 0x0000000002f30000, 0x0000000011860000]
 total_blobs=2483 nmethods=2118 adapters=277
 compilation: enabled

Compilation events (10 events):
Event: 7.341 Thread 0x000000001b043000 nmethod 2136 0x0000000002f18150 code [0x0000000002f185a0, 0x0000000002f19be8]
Event: 7.341 Thread 0x000000001b043000 2137   !   2       org.apache.maven.model.Repository::clone (87 bytes)
Event: 7.342 Thread 0x000000001b043000 nmethod 2137 0x0000000002f1b490 code [0x0000000002f1b680, 0x0000000002f1bc68]
Event: 7.342 Thread 0x000000001b043000 2138   !   2       org.apache.maven.model.RepositoryBase::clone (73 bytes)
Event: 7.343 Thread 0x000000001b043000 nmethod 2138 0x0000000002f1c150 code [0x0000000002f1c340, 0x0000000002f1c978]
Event: 7.343 Thread 0x000000001b043000 2139       2       org.eclipse.sisu.plexus.ClassRealmManager::visibleRealmNames (47 bytes)
Event: 7.344 Thread 0x000000001b043000 nmethod 2139 0x0000000002f1cdd0 code [0x0000000002f1cfa0, 0x0000000002f1d3d8]
Event: 7.347 Thread 0x000000001b043000 2140       2       org.apache.maven.model.io.xpp3.MavenXpp3Reader::parsePlugin (506 bytes)
Event: 7.351 Thread 0x000000001b043000 nmethod 2140 0x0000000002f1d810 code [0x0000000002f1dc80, 0x0000000002f1f348]
Event: 7.379 Thread 0x000000001b043000 2141       2       org.eclipse.aether.artifact.DefaultArtifact::<init> (130 bytes)

GC Heap History (4 events):
Event: 4.579 GC heap before
{Heap before GC invocations=1 (full 0):
 PSYoungGen      total 57344K, used 49152K [0x0000000780980000, 0x0000000784980000, 0x00000007c0000000)
  eden space 49152K, 100% used [0x0000000780980000,0x0000000783980000,0x0000000783980000)
  from space 8192K, 0% used [0x0000000784180000,0x0000000784180000,0x0000000784980000)
  to   space 8192K, 0% used [0x0000000783980000,0x0000000783980000,0x0000000784180000)
 ParOldGen       total 131072K, used 0K [0x0000000701c00000, 0x0000000709c00000, 0x0000000780980000)
  object space 131072K, 0% used [0x0000000701c00000,0x0000000701c00000,0x0000000709c00000)
 Metaspace       used 10331K, capacity 10496K, committed 10624K, reserved 1058816K
  class space    used 1257K, capacity 1345K, committed 1408K, reserved 1048576K
Event: 4.591 GC heap after
Heap after GC invocations=1 (full 0):
 PSYoungGen      total 57344K, used 7420K [0x0000000780980000, 0x0000000784980000, 0x00000007c0000000)
  eden space 49152K, 0% used [0x0000000780980000,0x0000000780980000,0x0000000783980000)
  from space 8192K, 90% used [0x0000000783980000,0x00000007840bf0b8,0x0000000784180000)
  to   space 8192K, 0% used [0x0000000784180000,0x0000000784180000,0x0000000784980000)
 ParOldGen       total 131072K, used 16K [0x0000000701c00000, 0x0000000709c00000, 0x0000000780980000)
  object space 131072K, 0% used [0x0000000701c00000,0x0000000701c04000,0x0000000709c00000)
 Metaspace       used 10331K, capacity 10496K, committed 10624K, reserved 1058816K
  class space    used 1257K, capacity 1345K, committed 1408K, reserved 1048576K
}
Event: 7.160 GC heap before
{Heap before GC invocations=2 (full 0):
 PSYoungGen      total 57344K, used 56572K [0x0000000780980000, 0x0000000784980000, 0x00000007c0000000)
  eden space 49152K, 100% used [0x0000000780980000,0x0000000783980000,0x0000000783980000)
  from space 8192K, 90% used [0x0000000783980000,0x00000007840bf0b8,0x0000000784180000)
  to   space 8192K, 0% used [0x0000000784180000,0x0000000784180000,0x0000000784980000)
 ParOldGen       total 131072K, used 16K [0x0000000701c00000, 0x0000000709c00000, 0x0000000780980000)
  object space 131072K, 0% used [0x0000000701c00000,0x0000000701c04000,0x0000000709c00000)
 Metaspace       used 15410K, capacity 15694K, committed 15872K, reserved 1062912K
  class space    used 1874K, capacity 1975K, committed 2048K, reserved 1048576K
Event: 7.192 GC heap after
Heap after GC invocations=2 (full 0):
 PSYoungGen      total 57344K, used 8174K [0x0000000780980000, 0x0000000784980000, 0x00000007c0000000)
  eden space 49152K, 0% used [0x0000000780980000,0x0000000780980000,0x0000000783980000)
  from space 8192K, 99% used [0x0000000784180000,0x000000078497b9a0,0x0000000784980000)
  to   space 8192K, 0% used [0x0000000783980000,0x0000000783980000,0x0000000784180000)
 ParOldGen       total 131072K, used 1156K [0x0000000701c00000, 0x0000000709c00000, 0x0000000780980000)
  object space 131072K, 0% used [0x0000000701c00000,0x0000000701d21078,0x0000000709c00000)
 Metaspace       used 15410K, capacity 15694K, committed 15872K, reserved 1062912K
  class space    used 1874K, capacity 1975K, committed 2048K, reserved 1048576K
}

Deoptimization events (10 events):
Event: 6.441 Thread 0x000000000285e000 Uncommon trap: reason=unstable_if action=reinterpret pc=0x0000000002a20610 method=java.lang.String.replace(CC)Ljava/lang/String; @ 2
Event: 6.556 Thread 0x000000000285e000 Uncommon trap: reason=unstable_if action=reinterpret pc=0x0000000002b57cf8 method=java.lang.String.startsWith(Ljava/lang/String;I)Z @ 25
Event: 6.556 Thread 0x000000000285e000 Uncommon trap: reason=unstable_if action=reinterpret pc=0x0000000002a04ad8 method=java.lang.String.startsWith(Ljava/lang/String;I)Z @ 25
Event: 6.658 Thread 0x000000000285e000 Uncommon trap: reason=unstable_if action=reinterpret pc=0x0000000002b99ba4 method=org.codehaus.plexus.util.xml.pull.MXParser.nextImpl()I @ 879
Event: 6.682 Thread 0x000000000285e000 Uncommon trap: reason=unstable_if action=reinterpret pc=0x0000000002ae71c4 method=sun.nio.cs.UTF_8$Decoder.decode([BII[C)I @ 30
Event: 6.689 Thread 0x000000000285e000 Uncommon trap: reason=unstable_if action=reinterpret pc=0x0000000002b2ef84 method=sun.nio.cs.UTF_8$Decoder.decodeArrayLoop(Ljava/nio/ByteBuffer;Ljava/nio/CharBuffer;)Ljava/nio/charset/CoderResult; @ 84
Event: 6.754 Thread 0x000000000285e000 Uncommon trap: reason=unstable_if action=reinterpret pc=0x0000000002b89b54 method=java.util.HashMap.hash(Ljava/lang/Object;)I @ 1
Event: 6.754 Thread 0x000000000285e000 Uncommon trap: reason=unstable_if action=reinterpret pc=0x0000000002c6a0a8 method=java.util.HashMap.hash(Ljava/lang/Object;)I @ 1
Event: 7.069 Thread 0x000000000285e000 Uncommon trap: reason=unstable_if action=reinterpret pc=0x0000000002c2449c method=java.lang.String.regionMatches(ZILjava/lang/String;II)Z @ 25
Event: 7.233 Thread 0x000000000285e000 Uncommon trap: reason=predicate action=maybe_recompile pc=0x0000000002b4c998 method=java.nio.charset.CharsetDecoder.decode(Ljava/nio/ByteBuffer;Ljava/nio/CharBuffer;Z)Ljava/nio/charset/CoderResult; @ 54

Classes redefined (0 events):
No events

Internal exceptions (10 events):
Event: 5.532 Thread 0x000000000285e000 Exception <a 'java/lang/NoClassDefFoundError'> (0x000000078204fa08) thrown at [C:\re\workspace\8-2-build-windows-amd64-cygwin\jdk8u172\10810\hotspot\src\share\vm\prims\jvm.cpp, line 1439]
Event: 5.532 Thread 0x000000000285e000 Exception <a 'java/lang/NoClassDefFoundError': javax/annotation/Priority> (0x00000007820567d8) thrown at [C:\re\workspace\8-2-build-windows-amd64-cygwin\jdk8u172\10810\hotspot\src\share\vm\classfile\systemDictionary.cpp, line 199]
Event: 6.217 Thread 0x000000000285e000 Exception <a 'java/lang/NullPointerException'> (0x00000007825be238) thrown at [C:\re\workspace\8-2-build-windows-amd64-cygwin\jdk8u172\10810\hotspot\src\share\vm\interpreter\linkResolver.cpp, line 1185]
Event: 6.217 Thread 0x000000000285e000 Exception <a 'java/lang/NullPointerException'> (0x00000007825be450) thrown at [C:\re\workspace\8-2-build-windows-amd64-cygwin\jdk8u172\10810\hotspot\src\share\vm\interpreter\linkResolver.cpp, line 1185]
Event: 6.217 Thread 0x000000000285e000 Exception <a 'java/lang/NullPointerException'> (0x00000007825be668) thrown at [C:\re\workspace\8-2-build-windows-amd64-cygwin\jdk8u172\10810\hotspot\src\share\vm\interpreter\linkResolver.cpp, line 1185]
Event: 6.220 Thread 0x000000000285e000 Exception <a 'java/lang/NullPointerException'> (0x00000007825d4b88) thrown at [C:\re\workspace\8-2-build-windows-amd64-cygwin\jdk8u172\10810\hotspot\src\share\vm\interpreter\linkResolver.cpp, line 1185]
Event: 6.220 Thread 0x000000000285e000 Exception <a 'java/lang/NullPointerException'> (0x00000007825d4da0) thrown at [C:\re\workspace\8-2-build-windows-amd64-cygwin\jdk8u172\10810\hotspot\src\share\vm\interpreter\linkResolver.cpp, line 1185]
Event: 6.220 Thread 0x000000000285e000 Exception <a 'java/lang/NullPointerException'> (0x00000007825d4fb8) thrown at [C:\re\workspace\8-2-build-windows-amd64-cygwin\jdk8u172\10810\hotspot\src\share\vm\interpreter\linkResolver.cpp, line 1185]
Event: 6.754 Thread 0x000000000285e000 Implicit null exception at 0x0000000002b89955 to 0x0000000002b89b45
Event: 6.754 Thread 0x000000000285e000 Implicit null exception at 0x0000000002c6a02f to 0x0000000002c6a099

Events (10 events):
Event: 7.225 loading class org/eclipse/aether/graph/Dependency$Exclusions$1 done
Event: 7.226 loading class org/eclipse/aether/util/graph/selector/ExclusionDependencySelector$ExclusionComparator
Event: 7.226 loading class org/eclipse/aether/util/graph/selector/ExclusionDependencySelector$ExclusionComparator done
Event: 7.233 loading class sun/nio/cs/ISO_8859_1$Decoder
Event: 7.233 loading class sun/nio/cs/ISO_8859_1$Decoder done
Event: 7.233 Thread 0x000000000285e000 Uncommon trap: trap_request=0xffffff86 fr.pc=0x0000000002b4c998
Event: 7.233 Thread 0x000000000285e000 DEOPT PACKING pc=0x0000000002b4c998 sp=0x000000000258c970
Event: 7.233 Thread 0x000000000285e000 DEOPT UNPACKING pc=0x00000000028a583b sp=0x000000000258c938 mode 2
Event: 7.311 loading class org/apache/maven/repository/internal/RelocatedArtifact
Event: 7.311 loading class org/apache/maven/repository/internal/RelocatedArtifact done


Dynamic libraries:
0x00007ff74f710000 - 0x00007ff74f747000 	C:\Program Files\Java\jdk1.8.0_172\bin\javaw.exe
0x00007ffd7d120000 - 0x00007ffd7d310000 	C:\WINDOWS\SYSTEM32\ntdll.dll
0x00007ffd7bf70000 - 0x00007ffd7c022000 	C:\WINDOWS\System32\KERNEL32.DLL
0x00007ffd7a6d0000 - 0x00007ffd7a973000 	C:\WINDOWS\System32\KERNELBASE.dll
0x00007ffd7ba50000 - 0x00007ffd7baf3000 	C:\WINDOWS\System32\ADVAPI32.dll
0x00007ffd7b7c0000 - 0x00007ffd7b85e000 	C:\WINDOWS\System32\msvcrt.dll
0x00007ffd7cf70000 - 0x00007ffd7d007000 	C:\WINDOWS\System32\sechost.dll
0x00007ffd7c2b0000 - 0x00007ffd7c3d0000 	C:\WINDOWS\System32\RPCRT4.dll
0x00007ffd7c040000 - 0x00007ffd7c1d3000 	C:\WINDOWS\System32\USER32.dll
0x00007ffd7a980000 - 0x00007ffd7a9a1000 	C:\WINDOWS\System32\win32u.dll
0x00007ffd7cc00000 - 0x00007ffd7cc26000 	C:\WINDOWS\System32\GDI32.dll
0x00007ffd7a200000 - 0x00007ffd7a394000 	C:\WINDOWS\System32\gdi32full.dll
0x00007ffd7a3c0000 - 0x00007ffd7a45e000 	C:\WINDOWS\System32\msvcp_win.dll
0x00007ffd7a4c0000 - 0x00007ffd7a5ba000 	C:\WINDOWS\System32\ucrtbase.dll
0x00007ffd64f20000 - 0x00007ffd651a5000 	C:\WINDOWS\WinSxS\amd64_microsoft.windows.common-controls_6595b64144ccf1df_6.0.18362.175_none_e6c3ab1f131014c9\COMCTL32.dll
0x00007ffd7cc30000 - 0x00007ffd7cf66000 	C:\WINDOWS\System32\combase.dll
0x00007ffd7a610000 - 0x00007ffd7a691000 	C:\WINDOWS\System32\bcryptPrimitives.dll
0x00007ffd7bbb0000 - 0x00007ffd7bbde000 	C:\WINDOWS\System32\IMM32.DLL
0x000000005a150000 - 0x000000005a222000 	C:\Program Files\Java\jdk1.8.0_172\jre\bin\msvcr100.dll
0x00000000598a0000 - 0x000000005a143000 	C:\Program Files\Java\jdk1.8.0_172\jre\bin\server\jvm.dll
0x00007ffd7c3d0000 - 0x00007ffd7c3d8000 	C:\WINDOWS\System32\PSAPI.DLL
0x00007ffd643f0000 - 0x00007ffd643f9000 	C:\WINDOWS\SYSTEM32\WSOCK32.dll
0x00007ffd7be50000 - 0x00007ffd7bebf000 	C:\WINDOWS\System32\WS2_32.dll
0x00007ffd78170000 - 0x00007ffd78194000 	C:\WINDOWS\SYSTEM32\WINMM.dll
0x00007ffd6eb70000 - 0x00007ffd6eb7a000 	C:\WINDOWS\SYSTEM32\VERSION.dll
0x00007ffd78140000 - 0x00007ffd7816d000 	C:\WINDOWS\SYSTEM32\WINMMBASE.dll
0x00007ffd7a5c0000 - 0x00007ffd7a60a000 	C:\WINDOWS\System32\cfgmgr32.dll
0x0000000059890000 - 0x000000005989f000 	C:\Program Files\Java\jdk1.8.0_172\jre\bin\verify.dll
0x0000000059860000 - 0x0000000059889000 	C:\Program Files\Java\jdk1.8.0_172\jre\bin\java.dll
0x0000000059840000 - 0x0000000059856000 	C:\Program Files\Java\jdk1.8.0_172\jre\bin\zip.dll
0x00007ffd7c520000 - 0x00007ffd7cc00000 	C:\WINDOWS\System32\SHELL32.dll
0x00007ffd7bb00000 - 0x00007ffd7bba9000 	C:\WINDOWS\System32\shcore.dll
0x00007ffd7a9b0000 - 0x00007ffd7b12b000 	C:\WINDOWS\System32\windows.storage.dll
0x00007ffd7a070000 - 0x00007ffd7a08f000 	C:\WINDOWS\System32\profapi.dll
0x00007ffd7a000000 - 0x00007ffd7a04a000 	C:\WINDOWS\System32\powrprof.dll
0x00007ffd79ff0000 - 0x00007ffd7a000000 	C:\WINDOWS\System32\UMPDC.dll
0x00007ffd7b8e0000 - 0x00007ffd7b932000 	C:\WINDOWS\System32\shlwapi.dll
0x00007ffd7a090000 - 0x00007ffd7a0a1000 	C:\WINDOWS\System32\kernel.appcore.dll
0x00007ffd7a3a0000 - 0x00007ffd7a3b7000 	C:\WINDOWS\System32\cryptsp.dll
0x00007ffd79380000 - 0x00007ffd793b3000 	C:\WINDOWS\system32\rsaenh.dll
0x00007ffd7a6a0000 - 0x00007ffd7a6c6000 	C:\WINDOWS\System32\bcrypt.dll
0x00007ffd79f10000 - 0x00007ffd79f35000 	C:\WINDOWS\SYSTEM32\USERENV.dll
0x00007ffd79930000 - 0x00007ffd7993c000 	C:\WINDOWS\SYSTEM32\CRYPTBASE.dll
0x0000000059820000 - 0x000000005983a000 	C:\Program Files\Java\jdk1.8.0_172\jre\bin\net.dll
0x00007ffd797b0000 - 0x00007ffd79817000 	C:\WINDOWS\system32\mswsock.dll
0x00007ffd79520000 - 0x00007ffd7955a000 	C:\WINDOWS\SYSTEM32\IPHLPAPI.DLL
0x00007ffd7b340000 - 0x00007ffd7b348000 	C:\WINDOWS\System32\NSI.dll
0x00007ffd6ed70000 - 0x00007ffd6ed86000 	C:\WINDOWS\SYSTEM32\dhcpcsvc6.DLL
0x00007ffd6ed50000 - 0x00007ffd6ed6c000 	C:\WINDOWS\SYSTEM32\dhcpcsvc.DLL
0x00007ffd79560000 - 0x00007ffd7962a000 	C:\WINDOWS\SYSTEM32\DNSAPI.dll
0x0000000059800000 - 0x0000000059811000 	C:\Program Files\Java\jdk1.8.0_172\jre\bin\nio.dll
0x00007ffd73c60000 - 0x00007ffd73c6a000 	C:\Users\oscar\AppData\Local\Temp\jansi-1.17-5266466594434250239.dll
0x00007ffd736e0000 - 0x00007ffd736ea000 	C:\Users\oscar\AppData\Local\Temp\jansi-1.17-2782570318517854492.dll

VM Arguments:
jvm_args: -Dmaven.home=EMBEDDED -Dclassworlds.conf=C:\Users\oscar\eclipse-workspace\.metadata\.plugins\org.eclipse.m2e.launching\launches\m2conf8950690564013458227.tmp -Dmaven.multiModuleProjectDirectory=C:\Users\oscar\eclipse-workspace\ustaempresarialJBLESS\ParientesModelo -Dfile.encoding=Cp1252 
java_command: org.codehaus.plexus.classworlds.launcher.Launcher -B clean install -e
java_class_path (initial): C:\Users\oscar\.p2\pool\plugins\org.eclipse.m2e.maven.runtime_1.11.0.20190220-2117\jars\plexus-classworlds-2.5.2.jar
Launcher Type: SUN_STANDARD

Environment Variables:
JAVA_HOME=C:\Program Files\Java\jdk1.8.0_172
PATH=C:/Program Files/Java/jre1.8.0_211/bin/server;C:/Program Files/Java/jre1.8.0_211/bin;C:/Program Files/Java/jre1.8.0_211/lib/amd64;C:\ProgramData\DockerDesktop\version-bin;C:\Program Files\Docker\Docker\Resources\bin;C:\WINDOWS\system32;C:\WINDOWS;C:\WINDOWS\System32\Wbem;C:\WINDOWS\System32\WindowsPowerShell\v1.0\;C:\WINDOWS\System32\OpenSSH\;C:\ProgramData\Oracle\Java\javapath_target_13991718;C:\Program Files\Java\jdk-10.0.1\bin;C:\Program Files\Java\jre-10.0.1\bin;C:\Program Files\Git\cmd;C:\Program Files\Java\jdk1.8.0_172\bin;C:\Program Files (x86)\AOMEI Backupper;C:\MAVEN\bin;C:\xampp\php;C:\ProgramData\ComposerSetup\bin;C:\xampp\php\;C:\Program Files\dotnet\;C:\Users\oscar\AppData\Local\Microsoft\WindowsApps;C:\Users\oscar\AppData\Local\Programs\Microsoft VS Code\bin;C:\Users\oscar\AppData\Roaming\Dashlane\6.1905.1.17471\bin\Firefox_Extension\{442718d9-475e-452a-b3e1-fb1ee16b8e9f}\components;C:\Users\oscar\AppData\Roaming\Dashlane\6.1905.1.17471\ucrt;C:\Users\oscar\AppData\Roaming\Dashlane\6.1905.1.17471\bin\Qt;C:\Users\oscar\AppData\Roaming\Dashlane\6.1905.1.17471\bin\Ssl;C:\Users\oscar\AppData\Local\GitHubDesktop\bin;C:\Users\oscar\AppData\Roaming\Composer\vendor\bin;C:\Users\oscar\AppData\Roaming\Dashlane\6.1907.0.17833\bin\Firefox_Extension\{442718d9-475e-452a-b3e1-fb1ee16b8e9f}\components;C:\Users\oscar\AppData\Roaming\Dashlane\6.1907.0.17833\ucrt;C:\Users\oscar\AppData\Roaming\Dashlane\6.1907.0.17833\bin\Qt;C:\Users\oscar\AppData\Roaming\Dashlane\6.1907.0.17833\bin\Ssl;C:\Program Files\JetBrains\IntelliJ IDEA 2019.1\bin;;C:\Users\oscar\AppData\Local\Programs\Fiddler;%USERPROFILE%\AppData\Local\Microsoft\WindowsApps;C:\WINDOWS\system32;
USERNAME=oscar
OS=Windows_NT
PROCESSOR_IDENTIFIER=Intel64 Family 6 Model 78 Stepping 3, GenuineIntel



---------------  S Y S T E M  ---------------

OS: Windows 10.0 , 64 bit Build 18362 (10.0.18362.86)

CPU:total 4 (initial active 4) (2 cores per cpu, 2 threads per core) family 6 model 78 stepping 3, cmov, cx8, fxsr, mmx, sse, sse2, sse3, ssse3, sse4.1, sse4.2, popcnt, avx, avx2, aes, clmul, erms, 3dnowpref, lzcnt, ht, tsc, tscinvbit, bmi1, bmi2, adx

Memory: 4k page, physical 12460960k(2648044k free), swap 20755912k(5120k free)

vm_info: Java HotSpot(TM) 64-Bit Server VM (25.172-b11) for windows-amd64 JRE (1.8.0_172-b11), built on Mar 28 2018 21:21:52 by "java_re" with MS VC++ 10.0 (VS2010)

time: Wed Jun 12 12:23:16 2019
elapsed time: 7 seconds (0d 0h 0m 7s)

