#
# There is insufficient memory for the Java Runtime Environment to continue.
# Native memory allocation (malloc) failed to allocate 1048576 bytes for AllocateHeap
# Possible reasons:
#   The system is out of physical RAM or swap space
#   In 32 bit mode, the process size limit was hit
# Possible solutions:
#   Reduce memory load on the system
#   Increase physical memory or swap space
#   Check if swap backing store is full
#   Use 64 bit Java on a 64 bit OS
#   Decrease Java heap size (-Xmx/-Xms)
#   Decrease number of Java threads
#   Decrease Java thread stack sizes (-Xss)
#   Set larger code cache with -XX:ReservedCodeCacheSize=
# This output file may be truncated or incomplete.
#
#  Out of Memory Error (memory/allocation.inline.hpp:61), pid=8680, tid=0x000000000000373c
#
# JRE version:  (8.0_172-b11) (build )
# Java VM: Java HotSpot(TM) 64-Bit Server VM (25.172-b11 mixed mode windows-amd64 compressed oops)
# Failed to write core dump. Minidumps are not enabled by default on client versions of Windows
#

---------------  T H R E A D  ---------------

Current thread (0x000000000272e000):  JavaThread "Unknown thread" [_thread_in_vm, id=14140, stack(0x00000000025f0000,0x00000000026f0000)]

Stack: [0x00000000025f0000,0x00000000026f0000]
[error occurred during error reporting (printing stack bounds), id 0xc0000005]

Native frames: (J=compiled Java code, j=interpreted, Vv=VM code, C=native code)


---------------  P R O C E S S  ---------------

Java Threads: ( => current thread )

Other Threads:

=>0x000000000272e000 (exited) JavaThread "Unknown thread" [_thread_in_vm, id=14140, stack(0x00000000025f0000,0x00000000026f0000)]

VM state:not at safepoint (normal execution)

VM Mutex/Monitor currently owned by a thread: None

Heap:
 PSYoungGen      total 57344K, used 983K [0x0000000780980000, 0x0000000784980000, 0x00000007c0000000)
  eden space 49152K, 2% used [0x0000000780980000,0x0000000780a75c38,0x0000000783980000)
  from space 8192K, 0% used [0x0000000784180000,0x0000000784180000,0x0000000784980000)
  to   space 8192K, 0% used [0x0000000783980000,0x0000000783980000,0x0000000784180000)
 ParOldGen       total 131072K, used 0K [0x0000000701c00000, 0x0000000709c00000, 0x0000000780980000)
  object space 131072K, 0% used [0x0000000701c00000,0x0000000701c00000,0x0000000709c00000)
 Metaspace       used 775K, capacity 4480K, committed 4480K, reserved 1056768K
  class space    used 76K, capacity 384K, committed 384K, reserved 1048576K

Card table byte_map: [0x0000000011c00000,0x0000000012200000] byte_map_base: 0x000000000e3f2000

Marking Bits: (ParMarkBitMap*) 0x000000005a0c3c10
 Begin Bits: [0x0000000012a00000, 0x0000000015990000)
 End Bits:   [0x0000000015990000, 0x0000000018920000)

Polling page: 0x0000000000cc0000

CodeCache: size=245760Kb used=328Kb max_used=328Kb free=245431Kb
 bounds [0x0000000002840000, 0x0000000002ab0000, 0x0000000011840000]
 total_blobs=58 nmethods=0 adapters=38
 compilation: enabled

Compilation events (0 events):
No events

GC Heap History (0 events):
No events

Deoptimization events (0 events):
No events

Classes redefined (0 events):
No events

Internal exceptions (0 events):
No events

Events (10 events):
Event: 0.137 loading class java/lang/Short
Event: 0.137 loading class java/lang/Short done
Event: 0.137 loading class java/lang/Integer
Event: 0.137 loading class java/lang/Integer done
Event: 0.137 loading class java/lang/Long
Event: 0.138 loading class java/lang/Long done
Event: 0.139 loading class java/lang/NullPointerException
Event: 0.139 loading class java/lang/NullPointerException done
Event: 0.139 loading class java/lang/ArithmeticException
Event: 0.139 loading class java/lang/ArithmeticException done


Dynamic libraries:
0x00007ff74f710000 - 0x00007ff74f747000 	C:\Program Files\Java\jdk1.8.0_172\bin\javaw.exe
0x00007ffd7d120000 - 0x00007ffd7d310000 	C:\WINDOWS\SYSTEM32\ntdll.dll
0x00007ffd7bf70000 - 0x00007ffd7c022000 	C:\WINDOWS\System32\KERNEL32.DLL
0x00007ffd7a6d0000 - 0x00007ffd7a973000 	C:\WINDOWS\System32\KERNELBASE.dll
0x00007ffd7ba50000 - 0x00007ffd7baf3000 	C:\WINDOWS\System32\ADVAPI32.dll
0x00007ffd7b7c0000 - 0x00007ffd7b85e000 	C:\WINDOWS\System32\msvcrt.dll
0x00007ffd7cf70000 - 0x00007ffd7d007000 	C:\WINDOWS\System32\sechost.dll
0x00007ffd7c2b0000 - 0x00007ffd7c3d0000 	C:\WINDOWS\System32\RPCRT4.dll
0x00007ffd7c040000 - 0x00007ffd7c1d3000 	C:\WINDOWS\System32\USER32.dll
0x00007ffd7a980000 - 0x00007ffd7a9a1000 	C:\WINDOWS\System32\win32u.dll
0x00007ffd7cc00000 - 0x00007ffd7cc26000 	C:\WINDOWS\System32\GDI32.dll
0x00007ffd7a200000 - 0x00007ffd7a394000 	C:\WINDOWS\System32\gdi32full.dll
0x00007ffd7a3c0000 - 0x00007ffd7a45e000 	C:\WINDOWS\System32\msvcp_win.dll
0x00007ffd7a4c0000 - 0x00007ffd7a5ba000 	C:\WINDOWS\System32\ucrtbase.dll
0x00007ffd64f20000 - 0x00007ffd651a5000 	C:\WINDOWS\WinSxS\amd64_microsoft.windows.common-controls_6595b64144ccf1df_6.0.18362.175_none_e6c3ab1f131014c9\COMCTL32.dll
0x00007ffd7cc30000 - 0x00007ffd7cf66000 	C:\WINDOWS\System32\combase.dll
0x00007ffd7a610000 - 0x00007ffd7a691000 	C:\WINDOWS\System32\bcryptPrimitives.dll
0x00007ffd7bbb0000 - 0x00007ffd7bbde000 	C:\WINDOWS\System32\IMM32.DLL
0x000000005a150000 - 0x000000005a222000 	C:\Program Files\Java\jdk1.8.0_172\jre\bin\msvcr100.dll
0x00000000598a0000 - 0x000000005a143000 	C:\Program Files\Java\jdk1.8.0_172\jre\bin\server\jvm.dll
0x00007ffd7c3d0000 - 0x00007ffd7c3d8000 	C:\WINDOWS\System32\PSAPI.DLL
0x00007ffd643f0000 - 0x00007ffd643f9000 	C:\WINDOWS\SYSTEM32\WSOCK32.dll
0x00007ffd7be50000 - 0x00007ffd7bebf000 	C:\WINDOWS\System32\WS2_32.dll
0x00007ffd78170000 - 0x00007ffd78194000 	C:\WINDOWS\SYSTEM32\WINMM.dll
0x00007ffd6eb70000 - 0x00007ffd6eb7a000 	C:\WINDOWS\SYSTEM32\VERSION.dll
0x00007ffd78140000 - 0x00007ffd7816d000 	C:\WINDOWS\SYSTEM32\WINMMBASE.dll
0x00007ffd7a5c0000 - 0x00007ffd7a60a000 	C:\WINDOWS\System32\cfgmgr32.dll
0x0000000059890000 - 0x000000005989f000 	C:\Program Files\Java\jdk1.8.0_172\jre\bin\verify.dll
0x0000000059860000 - 0x0000000059889000 	C:\Program Files\Java\jdk1.8.0_172\jre\bin\java.dll
0x0000000059840000 - 0x0000000059856000 	C:\Program Files\Java\jdk1.8.0_172\jre\bin\zip.dll

VM Arguments:
jvm_args: -Dmaven.home=EMBEDDED -Dclassworlds.conf=C:\Users\oscar\eclipse-workspace\.metadata\.plugins\org.eclipse.m2e.launching\launches\m2conf960687602146149352.tmp -Dmaven.multiModuleProjectDirectory=C:\Users\oscar\eclipse-workspace\ustaempresarialJBLESS\CRMModelo -Dfile.encoding=Cp1252 
java_command: org.codehaus.plexus.classworlds.launcher.Launcher -B clean install -e
java_class_path (initial): C:\Users\oscar\.p2\pool\plugins\org.eclipse.m2e.maven.runtime_1.11.0.20190220-2117\jars\plexus-classworlds-2.5.2.jar
Launcher Type: SUN_STANDARD

Environment Variables:
JAVA_HOME=C:\Program Files\Java\jdk1.8.0_172
PATH=C:/Program Files/Java/jre1.8.0_211/bin/server;C:/Program Files/Java/jre1.8.0_211/bin;C:/Program Files/Java/jre1.8.0_211/lib/amd64;C:\ProgramData\DockerDesktop\version-bin;C:\Program Files\Docker\Docker\Resources\bin;C:\WINDOWS\system32;C:\WINDOWS;C:\WINDOWS\System32\Wbem;C:\WINDOWS\System32\WindowsPowerShell\v1.0\;C:\WINDOWS\System32\OpenSSH\;C:\ProgramData\Oracle\Java\javapath_target_13991718;C:\Program Files\Java\jdk-10.0.1\bin;C:\Program Files\Java\jre-10.0.1\bin;C:\Program Files\Git\cmd;C:\Program Files\Java\jdk1.8.0_172\bin;C:\Program Files (x86)\AOMEI Backupper;C:\MAVEN\bin;C:\xampp\php;C:\ProgramData\ComposerSetup\bin;C:\xampp\php\;C:\Program Files\dotnet\;C:\Users\oscar\AppData\Local\Microsoft\WindowsApps;C:\Users\oscar\AppData\Local\Programs\Microsoft VS Code\bin;C:\Users\oscar\AppData\Roaming\Dashlane\6.1905.1.17471\bin\Firefox_Extension\{442718d9-475e-452a-b3e1-fb1ee16b8e9f}\components;C:\Users\oscar\AppData\Roaming\Dashlane\6.1905.1.17471\ucrt;C:\Users\oscar\AppData\Roaming\Dashlane\6.1905.1.17471\bin\Qt;C:\Users\oscar\AppData\Roaming\Dashlane\6.1905.1.17471\bin\Ssl;C:\Users\oscar\AppData\Local\GitHubDesktop\bin;C:\Users\oscar\AppData\Roaming\Composer\vendor\bin;C:\Users\oscar\AppData\Roaming\Dashlane\6.1907.0.17833\bin\Firefox_Extension\{442718d9-475e-452a-b3e1-fb1ee16b8e9f}\components;C:\Users\oscar\AppData\Roaming\Dashlane\6.1907.0.17833\ucrt;C:\Users\oscar\AppData\Roaming\Dashlane\6.1907.0.17833\bin\Qt;C:\Users\oscar\AppData\Roaming\Dashlane\6.1907.0.17833\bin\Ssl;C:\Program Files\JetBrains\IntelliJ IDEA 2019.1\bin;;C:\Users\oscar\AppData\Local\Programs\Fiddler;%USERPROFILE%\AppData\Local\Microsoft\WindowsApps;C:\WINDOWS\system32;
USERNAME=oscar
OS=Windows_NT
PROCESSOR_IDENTIFIER=Intel64 Family 6 Model 78 Stepping 3, GenuineIntel



---------------  S Y S T E M  ---------------

OS: Windows 10.0 , 64 bit Build 18362 (10.0.18362.86)

CPU:total 4 (initial active 4) (2 cores per cpu, 2 threads per core) family 6 model 78 stepping 3, cmov, cx8, fxsr, mmx, sse, sse2, sse3, ssse3, sse4.1, sse4.2, popcnt, avx, avx2, aes, clmul, erms, 3dnowpref, lzcnt, ht, tsc, tscinvbit, bmi1, bmi2, adx

Memory: 4k page, physical 12460960k(2793616k free), swap 20755912k(5268k free)

vm_info: Java HotSpot(TM) 64-Bit Server VM (25.172-b11) for windows-amd64 JRE (1.8.0_172-b11), built on Mar 28 2018 21:21:52 by "java_re" with MS VC++ 10.0 (VS2010)

time: Wed Jun 12 12:24:41 2019
elapsed time: 0 seconds (0d 0h 0m 0s)

